<?xml version="1.0" encoding="UTF-8"?>
<testng-results ignored="0" total="1" passed="1" failed="0" skipped="0">
  <reporter-output>
  </reporter-output>
  <suite started-at="2024-09-30T11:49:14 ICT" name="Default suite" finished-at="2024-09-30T11:49:23 ICT" duration-ms="9734">
    <groups>
    </groups>
    <test started-at="2024-09-30T11:49:14 ICT" name="Default test" finished-at="2024-09-30T11:49:23 ICT" duration-ms="9734">
      <class name="com.artifact1.PT_Altech_Omega_Andalan">
        <test-method signature="test()[pri:0, instance:com.artifact1.PT_Altech_Omega_Andalan@60f00693]" started-at="2024-09-30T11:49:14 ICT" name="test" finished-at="2024-09-30T11:49:23 ICT" duration-ms="9273" status="PASS">
          <reporter-output>
          </reporter-output>
        </test-method> <!-- test -->
      </class> <!-- com.artifact1.PT_Altech_Omega_Andalan -->
    </test> <!-- Default test -->
  </suite> <!-- Default suite -->
</testng-results>
